<html>
<head>
<title>TestNG:  C:/Users/LENOVO/IdeaProjects/B103TestNGProject/src/test/java/techproed/tests/smoketests</title>
<link href="../testng.css" rel="stylesheet" type="text/css" />
<link href="../my-testng.css" rel="stylesheet" type="text/css" />

<style type="text/css">
.log { display: none;} 
.stack-trace { display: none;} 
</style>
<script type="text/javascript">
<!--
function flip(e) {
  current = e.style.display;
  if (current == 'block') {
    e.style.display = 'none';
    return 0;
  }
  else {
    e.style.display = 'block';
    return 1;
  }
}

function toggleBox(szDivId, elem, msg1, msg2)
{
  var res = -1;  if (document.getElementById) {
    res = flip(document.getElementById(szDivId));
  }
  else if (document.all) {
    // this is the way old msie versions work
    res = flip(document.all[szDivId]);
  }
  if(elem) {
    if(res == 0) elem.innerHTML = msg1; else elem.innerHTML = msg2;
  }

}

function toggleAllBoxes() {
  if (document.getElementsByTagName) {
    d = document.getElementsByTagName('div');
    for (i = 0; i < d.length; i++) {
      if (d[i].className == 'log') {
        flip(d[i]);
      }
    }
  }
}

// -->
</script>

</head>
<body>
<h2 align='center'>C:/Users/LENOVO/IdeaProjects/B103TestNGProject/src/test/java/techproed/tests/smoketests</h2><table border='1' align="center">
<tr>
<td>Tests passed/Failed/Skipped:</td><td>32/3/0</td>
</tr><tr>
<td>Started on:</td><td>Tue Nov 14 21:40:33 EET 2023</td>
</tr>
<tr><td>Total time:</td><td>132 seconds (132584 ms)</td>
</tr><tr>
<td>Included groups:</td><td></td>
</tr><tr>
<td>Excluded groups:</td><td></td>
</tr>
</table><p/>
<small><i>(Hover the method name to see the test class name)</i></small><p/>
<table width='100%' border='1' class='invocation-failed'>
<tr><td colspan='4' align='center'><b>FAILED TESTS</b></td></tr>
<tr><td><b>Test method</b></td>
<td><b>Attribute(s)</b></td>
<td width="30%"><b>Exception</b></td>
<td width="10%"><b>Time (seconds)</b></td>
<td><b>Instance</b></td>
</tr>
<tr>
<td title='techproed.tests.dataprovider.DataProviderTest4.customerDataTest()'><b>customerDataTest</b><br>Test class: techproed.tests.dataprovider.DataProviderTest4</td>
<td><div><pre>java.lang.RuntimeException: java.lang.RuntimeException: java.lang.NullPointerException
	at org.testng.internal.invokers.MethodInvocationHelper.invokeMethodNoCheckedException(MethodInvocationHelper.java:57)
	at org.testng.internal.invokers.MethodInvocationHelper.invokeDataProvider(MethodInvocationHelper.java:157)
	at org.testng.internal.Parameters.handleParameters(Parameters.java:803)
	at org.testng.internal.Parameters.handleParameters(Parameters.java:728)
	at org.testng.internal.invokers.ParameterHandler.handleParameters(ParameterHandler.java:72)
	at org.testng.internal.invokers.ParameterHandler.createParameters(ParameterHandler.java:51)
	at org.testng.internal.invokers.TestInvoker$MethodInvocationAgent.invoke(TestInvoker.java:924)
	at org.testng.internal.invokers.TestInvoker.invokeTestMethods(TestInvoker.java:194)
	at org.testng.internal.invokers.TestMethodWorker.invokeTestMethods(TestMethodWorker.java:148)
	at org.testng.internal.invokers.TestMethodWorker.run(TestMethodWorker.java:128)
	at java.base/java.util.ArrayList.forEach(ArrayList.java:1541)
	at org.testng.TestRunner.privateRun(TestRunner.java:829)
	at org.testng.TestRunner.run(TestRunner.java:602)
	at org.testng.SuiteRunner.runTest(SuiteRunner.java:437)
	at org.testng.SuiteRunner.runSequentially(SuiteRunner.java:431)
	at org.testng.SuiteRunner.privateRun(SuiteRunner.java:391)
	at org.testng.SuiteRunner.run(SuiteRunner.java:330)
	at org.testng.SuiteRunnerWorker.runSuite(SuiteRunnerWorker.java:52)
	at org.testng.SuiteRunnerWorker.run(SuiteRunnerWorker.java:95)
	at org.testng.TestNG.runSuitesSequentially(TestNG.java:1256)
	at org.testng.TestNG.runSuitesLocally(TestNG.java:1176)
	at org.testng.TestNG.runSuites(TestNG.java:1099)
	at org.testng.TestNG.run(TestNG.java:1067)
	at com.intellij.rt.testng.IDEARemoteTestNG.run(IDEARemoteTestNG.java:66)
	at com.intellij.rt.testng.RemoteTestNGStarter.main(RemoteTestNGStarter.java:109)
Caused by: java.lang.RuntimeException: java.lang.NullPointerException
	at techproed.utilities.ExcelUtils.getCellData(ExcelUtils.java:77)
	at techproed.utilities.ExcelUtils.getDataArrayWithoutFirstRow(ExcelUtils.java:136)
	at techproed.utilities.DataProviderUtils.customerData(DataProviderUtils.java:49)
	at java.base/jdk.internal.reflect.NativeMethodAccessorImpl.invoke0(Native Method)
	at java.base/jdk.internal.reflect.NativeMethodAccessorImpl.invoke(NativeMethodAccessorImpl.java:62)
	at java.base/jdk.internal.reflect.DelegatingMethodAccessorImpl.invoke(DelegatingMethodAccessorImpl.java:43)
	at java.base/java.lang.reflect.Method.invoke(Method.java:566)
	at org.testng.internal.invokers.MethodInvocationHelper.invokeMethod(MethodInvocationHelper.java:139)
	at org.testng.internal.invokers.MethodInvocationHelper.invokeMethod(MethodInvocationHelper.java:84)
	at org.testng.internal.invokers.MethodInvocationHelper.invokeMethodNoCheckedException(MethodInvocationHelper.java:53)
	... 24 more
Caused by: java.lang.NullPointerException
	at techproed.utilities.ExcelUtils.getCellData(ExcelUtils.java:74)
	... 33 more
</pre></div><a href='#' onClick='toggleBox("stack-trace728451196", this, "Click to show all stack frames", "Click to hide stack frames")'>Click to show all stack frames</a>
<div class='stack-trace' id='stack-trace728451196'><pre>java.lang.RuntimeException: java.lang.RuntimeException: java.lang.NullPointerException
	at org.testng.internal.invokers.MethodInvocationHelper.invokeMethodNoCheckedException(MethodInvocationHelper.java:57)
	at org.testng.internal.invokers.MethodInvocationHelper.invokeDataProvider(MethodInvocationHelper.java:157)
	at org.testng.internal.Parameters.handleParameters(Parameters.java:803)
	at org.testng.internal.Parameters.handleParameters(Parameters.java:728)
	at org.testng.internal.invokers.ParameterHandler.handleParameters(ParameterHandler.java:72)
	at org.testng.internal.invokers.ParameterHandler.createParameters(ParameterHandler.java:51)
	at org.testng.internal.invokers.TestInvoker$MethodInvocationAgent.invoke(TestInvoker.java:924)
	at org.testng.internal.invokers.TestInvoker.invokeTestMethods(TestInvoker.java:194)
	at org.testng.internal.invokers.TestMethodWorker.invokeTestMethods(TestMethodWorker.java:148)
	at org.testng.internal.invokers.TestMethodWorker.run(TestMethodWorker.java:128)
	at java.base/java.util.ArrayList.forEach(ArrayList.java:1541)
	at org.testng.TestRunner.privateRun(TestRunner.java:829)
	at org.testng.TestRunner.run(TestRunner.java:602)
	at org.testng.SuiteRunner.runTest(SuiteRunner.java:437)
	at org.testng.SuiteRunner.runSequentially(SuiteRunner.java:431)
	at org.testng.SuiteRunner.privateRun(SuiteRunner.java:391)
	at org.testng.SuiteRunner.run(SuiteRunner.java:330)
	at org.testng.SuiteRunnerWorker.runSuite(SuiteRunnerWorker.java:52)
	at org.testng.SuiteRunnerWorker.run(SuiteRunnerWorker.java:95)
	at org.testng.TestNG.runSuitesSequentially(TestNG.java:1256)
	at org.testng.TestNG.runSuitesLocally(TestNG.java:1176)
	at org.testng.TestNG.runSuites(TestNG.java:1099)
	at org.testng.TestNG.run(TestNG.java:1067)
	at com.intellij.rt.testng.IDEARemoteTestNG.run(IDEARemoteTestNG.java:66)
	at com.intellij.rt.testng.RemoteTestNGStarter.main(RemoteTestNGStarter.java:109)
Caused by: java.lang.RuntimeException: java.lang.NullPointerException
	at techproed.utilities.ExcelUtils.getCellData(ExcelUtils.java:77)
	at techproed.utilities.ExcelUtils.getDataArrayWithoutFirstRow(ExcelUtils.java:136)
	at techproed.utilities.DataProviderUtils.customerData(DataProviderUtils.java:49)
	at java.base/jdk.internal.reflect.NativeMethodAccessorImpl.invoke0(Native Method)
	at java.base/jdk.internal.reflect.NativeMethodAccessorImpl.invoke(NativeMethodAccessorImpl.java:62)
	at java.base/jdk.internal.reflect.DelegatingMethodAccessorImpl.invoke(DelegatingMethodAccessorImpl.java:43)
	at java.base/java.lang.reflect.Method.invoke(Method.java:566)
	at org.testng.internal.invokers.MethodInvocationHelper.invokeMethod(MethodInvocationHelper.java:139)
	at org.testng.internal.invokers.MethodInvocationHelper.invokeMethod(MethodInvocationHelper.java:84)
	at org.testng.internal.invokers.MethodInvocationHelper.invokeMethodNoCheckedException(MethodInvocationHelper.java:53)
	... 24 more
Caused by: java.lang.NullPointerException
	at techproed.utilities.ExcelUtils.getCellData(ExcelUtils.java:74)
	... 33 more
</pre></div></td>
<td>0</td>
<td>techproed.tests.dataprovider.DataProviderTest4@3fb1549b</td></tr>
<tr>
<td title='techproed.tests.smoketests.C01_PositiveLoginTest.US100201_Admin_Login()'><b>US100201_Admin_Login</b><br>Test class: techproed.tests.smoketests.C01_PositiveLoginTest<br/>
<a href="#Output-600554759" onClick='toggleBox("Output-600554759", this, "Show output", "Hide output");'>Show output</a>

<a href="#Output-600554759" onClick="toggleAllBoxes();">Show all outputs</a>
<div class='log' id="Output-600554759">
Sayfaya Git<br/>
Login Butonuna Tikla<br/>
Giris Bilgilerini gir<br/>
Giris Yapildigini Dogrula<br/>
</div>
</td>
<td><div><pre>org.openqa.selenium.NoSuchElementException: no such element: Unable to locate element: {&quot;method&quot;:&quot;css selector&quot;,&quot;selector&quot;:&quot;#dropdown\-basic\-button&quot;}
  (Session info: chrome=119.0.6045.124)
For documentation on this error, please visit: https://www.selenium.dev/documentation/webdriver/troubleshooting/errors#no-such-element-exception
Build info: version: &apos;4.13.0&apos;, revision: &apos;ba948ece5b*&apos;
System info: os.name: &apos;Windows 10&apos;, os.arch: &apos;amd64&apos;, os.version: &apos;10.0&apos;, java.version: &apos;11.0.11&apos;
Driver info: org.openqa.selenium.chrome.ChromeDriver
Command: [05676e7feab29caca0fe0d0b211d7658, findElement {using=id, value=dropdown-basic-button}]
Capabilities {acceptInsecureCerts: false, browserName: chrome, browserVersion: 119.0.6045.124, chrome: {chromedriverVersion: 119.0.6045.105 (38c72552c5e..., userDataDir: C:\Users\LENOVO\AppData\Loc...}, fedcm:accounts: true, goog:chromeOptions: {debuggerAddress: localhost:56154}, networkConnectionEnabled: false, pageLoadStrategy: normal, platformName: windows, proxy: Proxy(), se:cdp: ws://localhost:56154/devtoo..., se:cdpVersion: 119.0.6045.124, setWindowRect: true, strictFileInteractability: false, timeouts: {implicit: 0, pageLoad: 300000, script: 30000}, unhandledPromptBehavior: dismiss and notify, webauthn:extension:credBlob: true, webauthn:extension:largeBlob: true, webauthn:extension:minPinLength: true, webauthn:extension:prf: true, webauthn:virtualAuthenticators: true}
Session ID: 05676e7feab29caca0fe0d0b211d7658
	at java.base/jdk.internal.reflect.NativeConstructorAccessorImpl.newInstance0(Native Method)
	at java.base/jdk.internal.reflect.NativeConstructorAccessorImpl.newInstance(NativeConstructorAccessorImpl.java:62)
	at java.base/jdk.internal.reflect.DelegatingConstructorAccessorImpl.newInstance(DelegatingConstructorAccessorImpl.java:45)
	at java.base/java.lang.reflect.Constructor.newInstance(Constructor.java:490)
	at org.openqa.selenium.remote.codec.w3c.W3CHttpResponseCodec.createException(W3CHttpResponseCodec.java:200)
	at org.openqa.selenium.remote.codec.w3c.W3CHttpResponseCodec.decode(W3CHttpResponseCodec.java:133)
	at org.openqa.selenium.remote.codec.w3c.W3CHttpResponseCodec.decode(W3CHttpResponseCodec.java:52)
	at org.openqa.selenium.remote.HttpCommandExecutor.execute(HttpCommandExecutor.java:191)
	at org.openqa.selenium.remote.service.DriverCommandExecutor.invokeExecute(DriverCommandExecutor.java:196)
	at org.openqa.selenium.remote.service.DriverCommandExecutor.execute(DriverCommandExecutor.java:171)
	at org.openqa.selenium.remote.RemoteWebDriver.execute(RemoteWebDriver.java:602)
	at org.openqa.selenium.remote.ElementLocation$ElementFinder$2.findElement(ElementLocation.java:165)
	at org.openqa.selenium.remote.ElementLocation.findElement(ElementLocation.java:59)
	at org.openqa.selenium.remote.RemoteWebDriver.findElement(RemoteWebDriver.java:359)
	at org.openqa.selenium.remote.RemoteWebDriver.findElement(RemoteWebDriver.java:353)
	at org.openqa.selenium.support.pagefactory.DefaultElementLocator.findElement(DefaultElementLocator.java:68)
	at org.openqa.selenium.support.pagefactory.internal.LocatingElementHandler.invoke(LocatingElementHandler.java:38)
	at com.sun.proxy.$Proxy14.isDisplayed(Unknown Source)
	at techproed.tests.smoketests.C01_PositiveLoginTest.US100201_Admin_Login(C01_PositiveLoginTest.java:36)
	at java.base/jdk.internal.reflect.NativeMethodAccessorImpl.invoke0(Native Method)
	at java.base/jdk.internal.reflect.NativeMethodAccessorImpl.invoke(NativeMethodAccessorImpl.java:62)
	at java.base/jdk.internal.reflect.DelegatingMethodAccessorImpl.invoke(DelegatingMethodAccessorImpl.java:43)
	at java.base/java.lang.reflect.Method.invoke(Method.java:566)
	at org.testng.internal.invokers.MethodInvocationHelper.invokeMethod(MethodInvocationHelper.java:139)
	at org.testng.internal.invokers.TestInvoker.invokeMethod(TestInvoker.java:677)
	at org.testng.internal.invokers.TestInvoker.invokeTestMethod(TestInvoker.java:221)
	at org.testng.internal.invokers.MethodRunner.runInSequence(MethodRunner.java:50)
	at org.testng.internal.invokers.TestInvoker$MethodInvocationAgent.invoke(TestInvoker.java:969)
	at org.testng.internal.invokers.TestInvoker.invokeTestMethods(TestInvoker.java:194)
	at org.testng.internal.invokers.TestMethodWorker.invokeTestMethods(TestMethodWorker.java:148)
	at org.testng.internal.invokers.TestMethodWorker.run(TestMethodWorker.java:128)
	at java.base/java.util.ArrayList.forEach(ArrayList.java:1541)
	at org.testng.TestRunner.privateRun(TestRunner.java:829)
	at org.testng.TestRunner.run(TestRunner.java:602)
	at org.testng.SuiteRunner.runTest(SuiteRunner.java:437)
	at org.testng.SuiteRunner.runSequentially(SuiteRunner.java:431)
	at org.testng.SuiteRunner.privateRun(SuiteRunner.java:391)
	at org.testng.SuiteRunner.run(SuiteRunner.java:330)
	at org.testng.SuiteRunnerWorker.runSuite(SuiteRunnerWorker.java:52)
	at org.testng.SuiteRunnerWorker.run(SuiteRunnerWorker.java:95)
	at org.testng.TestNG.runSuitesSequentially(TestNG.java:1256)
	at org.testng.TestNG.runSuitesLocally(TestNG.java:1176)
	at org.testng.TestNG.runSuites(TestNG.java:1099)
	at org.testng.TestNG.run(TestNG.java:1067)
	at com.intellij.rt.testng.IDEARemoteTestNG.run(IDEARemoteTestNG.java:66)
	at com.intellij.rt.testng.RemoteTestNGStarter.main(RemoteTestNGStarter.java:109)
</pre></div><a href='#' onClick='toggleBox("stack-trace600554759", this, "Click to show all stack frames", "Click to hide stack frames")'>Click to show all stack frames</a>
<div class='stack-trace' id='stack-trace600554759'><pre>org.openqa.selenium.NoSuchElementException: no such element: Unable to locate element: {&quot;method&quot;:&quot;css selector&quot;,&quot;selector&quot;:&quot;#dropdown\-basic\-button&quot;}
  (Session info: chrome=119.0.6045.124)
For documentation on this error, please visit: https://www.selenium.dev/documentation/webdriver/troubleshooting/errors#no-such-element-exception
Build info: version: &apos;4.13.0&apos;, revision: &apos;ba948ece5b*&apos;
System info: os.name: &apos;Windows 10&apos;, os.arch: &apos;amd64&apos;, os.version: &apos;10.0&apos;, java.version: &apos;11.0.11&apos;
Driver info: org.openqa.selenium.chrome.ChromeDriver
Command: [05676e7feab29caca0fe0d0b211d7658, findElement {using=id, value=dropdown-basic-button}]
Capabilities {acceptInsecureCerts: false, browserName: chrome, browserVersion: 119.0.6045.124, chrome: {chromedriverVersion: 119.0.6045.105 (38c72552c5e..., userDataDir: C:\Users\LENOVO\AppData\Loc...}, fedcm:accounts: true, goog:chromeOptions: {debuggerAddress: localhost:56154}, networkConnectionEnabled: false, pageLoadStrategy: normal, platformName: windows, proxy: Proxy(), se:cdp: ws://localhost:56154/devtoo..., se:cdpVersion: 119.0.6045.124, setWindowRect: true, strictFileInteractability: false, timeouts: {implicit: 0, pageLoad: 300000, script: 30000}, unhandledPromptBehavior: dismiss and notify, webauthn:extension:credBlob: true, webauthn:extension:largeBlob: true, webauthn:extension:minPinLength: true, webauthn:extension:prf: true, webauthn:virtualAuthenticators: true}
Session ID: 05676e7feab29caca0fe0d0b211d7658
	at java.base/jdk.internal.reflect.NativeConstructorAccessorImpl.newInstance0(Native Method)
	at java.base/jdk.internal.reflect.NativeConstructorAccessorImpl.newInstance(NativeConstructorAccessorImpl.java:62)
	at java.base/jdk.internal.reflect.DelegatingConstructorAccessorImpl.newInstance(DelegatingConstructorAccessorImpl.java:45)
	at java.base/java.lang.reflect.Constructor.newInstance(Constructor.java:490)
	at org.openqa.selenium.remote.codec.w3c.W3CHttpResponseCodec.createException(W3CHttpResponseCodec.java:200)
	at org.openqa.selenium.remote.codec.w3c.W3CHttpResponseCodec.decode(W3CHttpResponseCodec.java:133)
	at org.openqa.selenium.remote.codec.w3c.W3CHttpResponseCodec.decode(W3CHttpResponseCodec.java:52)
	at org.openqa.selenium.remote.HttpCommandExecutor.execute(HttpCommandExecutor.java:191)
	at org.openqa.selenium.remote.service.DriverCommandExecutor.invokeExecute(DriverCommandExecutor.java:196)
	at org.openqa.selenium.remote.service.DriverCommandExecutor.execute(DriverCommandExecutor.java:171)
	at org.openqa.selenium.remote.RemoteWebDriver.execute(RemoteWebDriver.java:602)
	at org.openqa.selenium.remote.ElementLocation$ElementFinder$2.findElement(ElementLocation.java:165)
	at org.openqa.selenium.remote.ElementLocation.findElement(ElementLocation.java:59)
	at org.openqa.selenium.remote.RemoteWebDriver.findElement(RemoteWebDriver.java:359)
	at org.openqa.selenium.remote.RemoteWebDriver.findElement(RemoteWebDriver.java:353)
	at org.openqa.selenium.support.pagefactory.DefaultElementLocator.findElement(DefaultElementLocator.java:68)
	at org.openqa.selenium.support.pagefactory.internal.LocatingElementHandler.invoke(LocatingElementHandler.java:38)
	at com.sun.proxy.$Proxy14.isDisplayed(Unknown Source)
	at techproed.tests.smoketests.C01_PositiveLoginTest.US100201_Admin_Login(C01_PositiveLoginTest.java:36)
	at java.base/jdk.internal.reflect.NativeMethodAccessorImpl.invoke0(Native Method)
	at java.base/jdk.internal.reflect.NativeMethodAccessorImpl.invoke(NativeMethodAccessorImpl.java:62)
	at java.base/jdk.internal.reflect.DelegatingMethodAccessorImpl.invoke(DelegatingMethodAccessorImpl.java:43)
	at java.base/java.lang.reflect.Method.invoke(Method.java:566)
	at org.testng.internal.invokers.MethodInvocationHelper.invokeMethod(MethodInvocationHelper.java:139)
	at org.testng.internal.invokers.TestInvoker.invokeMethod(TestInvoker.java:677)
	at org.testng.internal.invokers.TestInvoker.invokeTestMethod(TestInvoker.java:221)
	at org.testng.internal.invokers.MethodRunner.runInSequence(MethodRunner.java:50)
	at org.testng.internal.invokers.TestInvoker$MethodInvocationAgent.invoke(TestInvoker.java:969)
	at org.testng.internal.invokers.TestInvoker.invokeTestMethods(TestInvoker.java:194)
	at org.testng.internal.invokers.TestMethodWorker.invokeTestMethods(TestMethodWorker.java:148)
	at org.testng.internal.invokers.TestMethodWorker.run(TestMethodWorker.java:128)
	at java.base/java.util.ArrayList.forEach(ArrayList.java:1541)
	at org.testng.TestRunner.privateRun(TestRunner.java:829)
	at org.testng.TestRunner.run(TestRunner.java:602)
	at org.testng.SuiteRunner.runTest(SuiteRunner.java:437)
	at org.testng.SuiteRunner.runSequentially(SuiteRunner.java:431)
	at org.testng.SuiteRunner.privateRun(SuiteRunner.java:391)
	at org.testng.SuiteRunner.run(SuiteRunner.java:330)
	at org.testng.SuiteRunnerWorker.runSuite(SuiteRunnerWorker.java:52)
	at org.testng.SuiteRunnerWorker.run(SuiteRunnerWorker.java:95)
	at org.testng.TestNG.runSuitesSequentially(TestNG.java:1256)
	at org.testng.TestNG.runSuitesLocally(TestNG.java:1176)
	at org.testng.TestNG.runSuites(TestNG.java:1099)
	at org.testng.TestNG.run(TestNG.java:1067)
	at com.intellij.rt.testng.IDEARemoteTestNG.run(IDEARemoteTestNG.java:66)
	at com.intellij.rt.testng.RemoteTestNGStarter.main(RemoteTestNGStarter.java:109)
</pre></div></td>
<td>20</td>
<td>techproed.tests.smoketests.C01_PositiveLoginTest@ea6147e</td></tr>
<tr>
<td title='techproed.tests.dataprovider.DataProviderTest3.dataProviderLoginTest()'><b>dataProviderLoginTest</b><br>Test class: techproed.tests.dataprovider.DataProviderTest3</td>
<td><div><pre>java.lang.RuntimeException: java.lang.RuntimeException: java.lang.NullPointerException
	at org.testng.internal.invokers.MethodInvocationHelper.invokeMethodNoCheckedException(MethodInvocationHelper.java:57)
	at org.testng.internal.invokers.MethodInvocationHelper.invokeDataProvider(MethodInvocationHelper.java:157)
	at org.testng.internal.Parameters.handleParameters(Parameters.java:803)
	at org.testng.internal.Parameters.handleParameters(Parameters.java:728)
	at org.testng.internal.invokers.ParameterHandler.handleParameters(ParameterHandler.java:72)
	at org.testng.internal.invokers.ParameterHandler.createParameters(ParameterHandler.java:51)
	at org.testng.internal.invokers.TestInvoker$MethodInvocationAgent.invoke(TestInvoker.java:924)
	at org.testng.internal.invokers.TestInvoker.invokeTestMethods(TestInvoker.java:194)
	at org.testng.internal.invokers.TestMethodWorker.invokeTestMethods(TestMethodWorker.java:148)
	at org.testng.internal.invokers.TestMethodWorker.run(TestMethodWorker.java:128)
	at java.base/java.util.ArrayList.forEach(ArrayList.java:1541)
	at org.testng.TestRunner.privateRun(TestRunner.java:829)
	at org.testng.TestRunner.run(TestRunner.java:602)
	at org.testng.SuiteRunner.runTest(SuiteRunner.java:437)
	at org.testng.SuiteRunner.runSequentially(SuiteRunner.java:431)
	at org.testng.SuiteRunner.privateRun(SuiteRunner.java:391)
	at org.testng.SuiteRunner.run(SuiteRunner.java:330)
	at org.testng.SuiteRunnerWorker.runSuite(SuiteRunnerWorker.java:52)
	at org.testng.SuiteRunnerWorker.run(SuiteRunnerWorker.java:95)
	at org.testng.TestNG.runSuitesSequentially(TestNG.java:1256)
	at org.testng.TestNG.runSuitesLocally(TestNG.java:1176)
	at org.testng.TestNG.runSuites(TestNG.java:1099)
	at org.testng.TestNG.run(TestNG.java:1067)
	at com.intellij.rt.testng.IDEARemoteTestNG.run(IDEARemoteTestNG.java:66)
	at com.intellij.rt.testng.RemoteTestNGStarter.main(RemoteTestNGStarter.java:109)
Caused by: java.lang.RuntimeException: java.lang.NullPointerException
	at techproed.utilities.ExcelUtils.getCellData(ExcelUtils.java:77)
	at techproed.utilities.ExcelUtils.getDataArrayWithoutFirstRow(ExcelUtils.java:136)
	at techproed.tests.dataprovider.DataProviderTest3.customerData(DataProviderTest3.java:25)
	at java.base/jdk.internal.reflect.NativeMethodAccessorImpl.invoke0(Native Method)
	at java.base/jdk.internal.reflect.NativeMethodAccessorImpl.invoke(NativeMethodAccessorImpl.java:62)
	at java.base/jdk.internal.reflect.DelegatingMethodAccessorImpl.invoke(DelegatingMethodAccessorImpl.java:43)
	at java.base/java.lang.reflect.Method.invoke(Method.java:566)
	at org.testng.internal.invokers.MethodInvocationHelper.invokeMethod(MethodInvocationHelper.java:139)
	at org.testng.internal.invokers.MethodInvocationHelper.invokeMethod(MethodInvocationHelper.java:84)
	at org.testng.internal.invokers.MethodInvocationHelper.invokeMethodNoCheckedException(MethodInvocationHelper.java:53)
	... 24 more
Caused by: java.lang.NullPointerException
	at techproed.utilities.ExcelUtils.getCellData(ExcelUtils.java:74)
	... 33 more
</pre></div><a href='#' onClick='toggleBox("stack-trace978609035", this, "Click to show all stack frames", "Click to hide stack frames")'>Click to show all stack frames</a>
<div class='stack-trace' id='stack-trace978609035'><pre>java.lang.RuntimeException: java.lang.RuntimeException: java.lang.NullPointerException
	at org.testng.internal.invokers.MethodInvocationHelper.invokeMethodNoCheckedException(MethodInvocationHelper.java:57)
	at org.testng.internal.invokers.MethodInvocationHelper.invokeDataProvider(MethodInvocationHelper.java:157)
	at org.testng.internal.Parameters.handleParameters(Parameters.java:803)
	at org.testng.internal.Parameters.handleParameters(Parameters.java:728)
	at org.testng.internal.invokers.ParameterHandler.handleParameters(ParameterHandler.java:72)
	at org.testng.internal.invokers.ParameterHandler.createParameters(ParameterHandler.java:51)
	at org.testng.internal.invokers.TestInvoker$MethodInvocationAgent.invoke(TestInvoker.java:924)
	at org.testng.internal.invokers.TestInvoker.invokeTestMethods(TestInvoker.java:194)
	at org.testng.internal.invokers.TestMethodWorker.invokeTestMethods(TestMethodWorker.java:148)
	at org.testng.internal.invokers.TestMethodWorker.run(TestMethodWorker.java:128)
	at java.base/java.util.ArrayList.forEach(ArrayList.java:1541)
	at org.testng.TestRunner.privateRun(TestRunner.java:829)
	at org.testng.TestRunner.run(TestRunner.java:602)
	at org.testng.SuiteRunner.runTest(SuiteRunner.java:437)
	at org.testng.SuiteRunner.runSequentially(SuiteRunner.java:431)
	at org.testng.SuiteRunner.privateRun(SuiteRunner.java:391)
	at org.testng.SuiteRunner.run(SuiteRunner.java:330)
	at org.testng.SuiteRunnerWorker.runSuite(SuiteRunnerWorker.java:52)
	at org.testng.SuiteRunnerWorker.run(SuiteRunnerWorker.java:95)
	at org.testng.TestNG.runSuitesSequentially(TestNG.java:1256)
	at org.testng.TestNG.runSuitesLocally(TestNG.java:1176)
	at org.testng.TestNG.runSuites(TestNG.java:1099)
	at org.testng.TestNG.run(TestNG.java:1067)
	at com.intellij.rt.testng.IDEARemoteTestNG.run(IDEARemoteTestNG.java:66)
	at com.intellij.rt.testng.RemoteTestNGStarter.main(RemoteTestNGStarter.java:109)
Caused by: java.lang.RuntimeException: java.lang.NullPointerException
	at techproed.utilities.ExcelUtils.getCellData(ExcelUtils.java:77)
	at techproed.utilities.ExcelUtils.getDataArrayWithoutFirstRow(ExcelUtils.java:136)
	at techproed.tests.dataprovider.DataProviderTest3.customerData(DataProviderTest3.java:25)
	at java.base/jdk.internal.reflect.NativeMethodAccessorImpl.invoke0(Native Method)
	at java.base/jdk.internal.reflect.NativeMethodAccessorImpl.invoke(NativeMethodAccessorImpl.java:62)
	at java.base/jdk.internal.reflect.DelegatingMethodAccessorImpl.invoke(DelegatingMethodAccessorImpl.java:43)
	at java.base/java.lang.reflect.Method.invoke(Method.java:566)
	at org.testng.internal.invokers.MethodInvocationHelper.invokeMethod(MethodInvocationHelper.java:139)
	at org.testng.internal.invokers.MethodInvocationHelper.invokeMethod(MethodInvocationHelper.java:84)
	at org.testng.internal.invokers.MethodInvocationHelper.invokeMethodNoCheckedException(MethodInvocationHelper.java:53)
	... 24 more
Caused by: java.lang.NullPointerException
	at techproed.utilities.ExcelUtils.getCellData(ExcelUtils.java:74)
	... 33 more
</pre></div></td>
<td>0</td>
<td>techproed.tests.dataprovider.DataProviderTest3@10feca44</td></tr>
</table><p>
<table width='100%' border='1' class='invocation-passed'>
<tr><td colspan='4' align='center'><b>PASSED TESTS</b></td></tr>
<tr><td><b>Test method</b></td>
<td><b>Attribute(s)</b></td>
<td width="30%"><b>Exception</b></td>
<td width="10%"><b>Time (seconds)</b></td>
<td><b>Instance</b></td>
</tr>
<tr>
<td title='techproed.tests.dataprovider.DataProviderTest4.musteriVerileriTest()'><b>musteriVerileriTest</b><br>Test class: techproed.tests.dataprovider.DataProviderTest4<br>Parameters: menejer1, 12345, besiktas</td>
<td></td>
<td>0</td>
<td>techproed.tests.dataprovider.DataProviderTest4@3fb1549b</td></tr>
<tr>
<td title='techproed.tests.dataprovider.DataProviderTest4.personelVerileriTest()'><b>personelVerileriTest</b><br>Test class: techproed.tests.dataprovider.DataProviderTest4<br>Parameters: mehmet2, 123r</td>
<td></td>
<td>0</td>
<td>techproed.tests.dataprovider.DataProviderTest4@3fb1549b</td></tr>
<tr>
<td title='techproed.tests.dataprovider.DataProviderTest1.aramaTesti()'><b>aramaTesti</b><br>Test class: techproed.tests.dataprovider.DataProviderTest1<br>Parameters: volvo</td>
<td></td>
<td>0</td>
<td>techproed.tests.dataprovider.DataProviderTest1@193f604a</td></tr>
<tr>
<td title='techproed.tests.dataprovider.DataProviderTest4.musteriHizmetleriVerileriTest()'><b>musteriHizmetleriVerileriTest</b><br>Test class: techproed.tests.dataprovider.DataProviderTest4<br>Parameters: adam1, 3456</td>
<td></td>
<td>0</td>
<td>techproed.tests.dataprovider.DataProviderTest4@3fb1549b</td></tr>
<tr>
<td title='techproed.tests.dataprovider.DataProviderTest4.musteriHizmetleriVerileriTest()'><b>musteriHizmetleriVerileriTest</b><br>Test class: techproed.tests.dataprovider.DataProviderTest4<br>Parameters: ali2, 1234</td>
<td></td>
<td>0</td>
<td>techproed.tests.dataprovider.DataProviderTest4@3fb1549b</td></tr>
<tr>
<td title='techproed.tests.dataprovider.DataProviderTest1.googleAramasi()'><b>googleAramasi</b><br>Test class: techproed.tests.dataprovider.DataProviderTest1<br>Parameters: toyota</td>
<td></td>
<td>8</td>
<td>techproed.tests.dataprovider.DataProviderTest1@193f604a</td></tr>
<tr>
<td title='techproed.tests.dataprovider.DataProviderTest2.dataProviderLoginTest()'><b>dataProviderLoginTest</b><br>Test class: techproed.tests.dataprovider.DataProviderTest2<br>Parameters: pam.raymond@bluerentalcars.com, Nga^g6!</td>
<td></td>
<td>11</td>
<td>techproed.tests.dataprovider.DataProviderTest2@24fcf36f</td></tr>
<tr>
<td title='techproed.tests.dataprovider.DataProviderTest1.googleAramasi()'><b>googleAramasi</b><br>Test class: techproed.tests.dataprovider.DataProviderTest1<br>Parameters: volvo</td>
<td></td>
<td>8</td>
<td>techproed.tests.dataprovider.DataProviderTest1@193f604a</td></tr>
<tr>
<td title='techproed.tests.dataprovider.DataProviderTest4.personelVerileriTest()'><b>personelVerileriTest</b><br>Test class: techproed.tests.dataprovider.DataProviderTest4<br>Parameters: rukiye1, abc1</td>
<td></td>
<td>0</td>
<td>techproed.tests.dataprovider.DataProviderTest4@3fb1549b</td></tr>
<tr>
<td title='techproed.tests.dataprovider.DataProviderTest1.googleAramasi()'><b>googleAramasi</b><br>Test class: techproed.tests.dataprovider.DataProviderTest1<br>Parameters: mercedes</td>
<td></td>
<td>10</td>
<td>techproed.tests.dataprovider.DataProviderTest1@193f604a</td></tr>
<tr>
<td title='techproed.tests.dataprovider.DataProviderTest2.dataProviderLoginTest()'><b>dataProviderLoginTest</b><br>Test class: techproed.tests.dataprovider.DataProviderTest2<br>Parameters: raj.khan@bluerentalcars.com, v7Hg_va^</td>
<td></td>
<td>12</td>
<td>techproed.tests.dataprovider.DataProviderTest2@24fcf36f</td></tr>
<tr>
<td title='techproed.tests.dataprovider.DataProviderTest1.googleAramasi()'><b>googleAramasi</b><br>Test class: techproed.tests.dataprovider.DataProviderTest1<br>Parameters: tesla</td>
<td></td>
<td>12</td>
<td>techproed.tests.dataprovider.DataProviderTest1@193f604a</td></tr>
<tr>
<td title='techproed.tests.dataprovider.DataProviderTest2.dataProviderTest()'><b>dataProviderTest</b><br>Test class: techproed.tests.dataprovider.DataProviderTest2<br>Parameters: raj.khan@bluerentalcars.com, v7Hg_va^</td>
<td></td>
<td>0</td>
<td>techproed.tests.dataprovider.DataProviderTest2@24fcf36f</td></tr>
<tr>
<td title='techproed.tests.dataprovider.DataProviderTest4.personelVerileriTest()'><b>personelVerileriTest</b><br>Test class: techproed.tests.dataprovider.DataProviderTest4<br>Parameters: emin3, 3edc</td>
<td></td>
<td>0</td>
<td>techproed.tests.dataprovider.DataProviderTest4@3fb1549b</td></tr>
<tr>
<td title='techproed.tests.dataprovider.DataProviderTest1.googleAramasi()'><b>googleAramasi</b><br>Test class: techproed.tests.dataprovider.DataProviderTest1<br>Parameters: honda</td>
<td></td>
<td>10</td>
<td>techproed.tests.dataprovider.DataProviderTest1@193f604a</td></tr>
<tr>
<td title='techproed.tests.dataprovider.DataProviderTest1.aramaTesti()'><b>aramaTesti</b><br>Test class: techproed.tests.dataprovider.DataProviderTest1<br>Parameters: toyota</td>
<td></td>
<td>0</td>
<td>techproed.tests.dataprovider.DataProviderTest1@193f604a</td></tr>
<tr>
<td title='techproed.tests.smoketests.C02_NegativeLoginTest.test2()'><b>test2</b><br>Test class: techproed.tests.smoketests.C02_NegativeLoginTest</td>
<td></td>
<td>5</td>
<td>techproed.tests.smoketests.C02_NegativeLoginTest@4d02f94e</td></tr>
<tr>
<td title='techproed.tests.dataprovider.DataProviderTest4.personelVerileriTest()'><b>personelVerileriTest</b><br>Test class: techproed.tests.dataprovider.DataProviderTest4<br>Parameters: baran3, 4asd</td>
<td></td>
<td>0</td>
<td>techproed.tests.dataprovider.DataProviderTest4@3fb1549b</td></tr>
<tr>
<td title='techproed.tests.smoketests.C02_NegativeLoginTest.US100208_Negative_Login()'><b>US100208_Negative_Login</b><br>Test class: techproed.tests.smoketests.C02_NegativeLoginTest</td>
<td></td>
<td>6</td>
<td>techproed.tests.smoketests.C02_NegativeLoginTest@4d02f94e</td></tr>
<tr>
<td title='techproed.tests.smoketests.C03_NegativeLoginTest.test1()'><b>test1</b><br>Test class: techproed.tests.smoketests.C03_NegativeLoginTest</td>
<td></td>
<td>6</td>
<td>techproed.tests.smoketests.C03_NegativeLoginTest@2b48a640</td></tr>
<tr>
<td title='techproed.tests.dataprovider.DataProviderTest2.dataProviderLoginTest()'><b>dataProviderLoginTest</b><br>Test class: techproed.tests.dataprovider.DataProviderTest2<br>Parameters: sam.walker@bluerentalcars.com, c!fas_art</td>
<td></td>
<td>10</td>
<td>techproed.tests.dataprovider.DataProviderTest2@24fcf36f</td></tr>
<tr>
<td title='techproed.tests.dataprovider.DataProviderTest1.aramaTesti()'><b>aramaTesti</b><br>Test class: techproed.tests.dataprovider.DataProviderTest1<br>Parameters: bmw</td>
<td></td>
<td>0</td>
<td>techproed.tests.dataprovider.DataProviderTest1@193f604a</td></tr>
<tr>
<td title='techproed.tests.dataprovider.DataProviderTest4.musteriHizmetleriVerileriTest()'><b>musteriHizmetleriVerileriTest</b><br>Test class: techproed.tests.dataprovider.DataProviderTest4<br>Parameters: nancy3, 7890</td>
<td></td>
<td>0</td>
<td>techproed.tests.dataprovider.DataProviderTest4@3fb1549b</td></tr>
<tr>
<td title='techproed.tests.dataprovider.DataProviderTest2.dataProviderTest()'><b>dataProviderTest</b><br>Test class: techproed.tests.dataprovider.DataProviderTest2<br>Parameters: pam.raymond@bluerentalcars.com, Nga^g6!</td>
<td></td>
<td>0</td>
<td>techproed.tests.dataprovider.DataProviderTest2@24fcf36f</td></tr>
<tr>
<td title='techproed.tests.dataprovider.DataProviderTest4.musteriVerileriTest()'><b>musteriVerileriTest</b><br>Test class: techproed.tests.dataprovider.DataProviderTest4<br>Parameters: mejejer3, 5678, karsiyaka</td>
<td></td>
<td>0</td>
<td>techproed.tests.dataprovider.DataProviderTest4@3fb1549b</td></tr>
<tr>
<td title='techproed.tests.dataprovider.DataProviderTest4.personelVerileriTest()'><b>personelVerileriTest</b><br>Test class: techproed.tests.dataprovider.DataProviderTest4<br>Parameters: okumus3, 6e45</td>
<td></td>
<td>0</td>
<td>techproed.tests.dataprovider.DataProviderTest4@3fb1549b</td></tr>
<tr>
<td title='techproed.tests.dataprovider.DataProviderTest2.dataProviderTest()'><b>dataProviderTest</b><br>Test class: techproed.tests.dataprovider.DataProviderTest2<br>Parameters: sam.walker@bluerentalcars.com, c!fas_art</td>
<td></td>
<td>0</td>
<td>techproed.tests.dataprovider.DataProviderTest2@24fcf36f</td></tr>
<tr>
<td title='techproed.tests.dataprovider.DataProviderTest4.musteriVerileriTest()'><b>musteriVerileriTest</b><br>Test class: techproed.tests.dataprovider.DataProviderTest4<br>Parameters: menejer2, 98765, cebeci</td>
<td></td>
<td>0</td>
<td>techproed.tests.dataprovider.DataProviderTest4@3fb1549b</td></tr>
<tr>
<td title='techproed.tests.dataprovider.DataProviderTest1.googleAramasi()'><b>googleAramasi</b><br>Test class: techproed.tests.dataprovider.DataProviderTest1<br>Parameters: bmw</td>
<td></td>
<td>7</td>
<td>techproed.tests.dataprovider.DataProviderTest1@193f604a</td></tr>
<tr>
<td title='techproed.tests.dataprovider.DataProviderTest1.aramaTesti()'><b>aramaTesti</b><br>Test class: techproed.tests.dataprovider.DataProviderTest1<br>Parameters: mercedes</td>
<td></td>
<td>0</td>
<td>techproed.tests.dataprovider.DataProviderTest1@193f604a</td></tr>
<tr>
<td title='techproed.tests.dataprovider.DataProviderTest1.aramaTesti()'><b>aramaTesti</b><br>Test class: techproed.tests.dataprovider.DataProviderTest1<br>Parameters: tesla</td>
<td></td>
<td>0</td>
<td>techproed.tests.dataprovider.DataProviderTest1@193f604a</td></tr>
<tr>
<td title='techproed.tests.dataprovider.DataProviderTest1.aramaTesti()'><b>aramaTesti</b><br>Test class: techproed.tests.dataprovider.DataProviderTest1<br>Parameters: honda</td>
<td></td>
<td>0</td>
<td>techproed.tests.dataprovider.DataProviderTest1@193f604a</td></tr>
</table><p>
</body>
</html>