<!DOCTYPE html PUBLIC "-//W3C//DTD XHTML 1.1//EN" "https://www.w3.org/TR/xhtml11/DTD/xhtml11.dtd">
<html xmlns="https://www.w3.org/1999/xhtml">
<head>
<meta charset='utf-8'>
<title>TestNG Report</title>
<style type="text/css">
table {margin-bottom:10px;border-collapse:collapse;empty-cells:show}
td,th {border:1px solid #009;padding:.25em .5em}
.result th {vertical-align:bottom}
.param th {padding-left:1em;padding-right:1em}
.param td {padding-left:.5em;padding-right:2em}
.stripe td,.stripe th {background-color: #E6EBF9}
.numi,.numi_attn {text-align:right}
.total td {font-weight:bold}
.passedodd td {background-color: #0A0}
.passedeven td {background-color: #3F3}
.skippedodd td {background-color: #CCC}
.skippedodd td {background-color: #DDD}
.failedodd td,.numi_attn {background-color: #F33}
.failedeven td,.stripe .numi_attn {background-color: #D00}
.stacktrace {white-space:pre;font-family:monospace}
.totop {font-size:85%;text-align:center;border-bottom:2px solid #000}
</style>
</head>
<body>
<table cellspacing="0" cellpadding="0" class="testOverview">
<tr><th>Test</th><th>Methods<br/>Passed</th><th>Scenarios<br/>Passed</th><th># skipped</th><th># failed</th><th>Total<br/>Time</th><th>Included<br/>Groups</th><th>Excluded<br/>Groups</th></tr>
<tr><td style="text-align:left;padding-right:2em"><a href="#t1">C:/Users/LENOVO/IdeaProjects/B103TestNGProject/src/test/java/techproed/tests/smoketests</a></td><td class="numi">32</td><td class="numi">32</td><td class="numi">0</td><td class="numi_attn">3</td><td class="numi">132,6 seconds</td><td class="numi"></td><td class="numi"></td></tr>
</table>
<table cellspacing="0" cellpadding="0" class="methodOverview" id="summary">
<tr><th>Class</th><th>Method</th><th># of<br/>Scenarios</th><th>Start</th><th>Time<br/>(ms)</th></tr>
<tr id="t1"><th colspan="5">C:/Users/LENOVO/IdeaProjects/B103TestNGProject/src/test/java/techproed/tests/smoketests &#8212; failed</th></tr>
<tr class="failedodd"><td>techproed.tests.smoketests.C01_PositiveLoginTest</td><td><a href="#m1"><b>US100201_Admin_Login</b>  </a></td><td class="numi">1</td><td>1699987291377</td><td class="numi">20435</td></tr>
<tr class="failedeven"><td>techproed.tests.dataprovider.DataProviderTest4</td><td><a href="#m2"><b>customerDataTest</b>  </a></td><td class="numi">1</td><td>1699987366151</td><td class="numi">0</td></tr>
<tr class="failedodd"><td>techproed.tests.dataprovider.DataProviderTest3</td><td><a href="#m3"><b>dataProviderLoginTest</b>  </a></td><td class="numi">1</td><td>1699987359504</td><td class="numi">0</td></tr>
<tr><th colspan="5">C:/Users/LENOVO/IdeaProjects/B103TestNGProject/src/test/java/techproed/tests/smoketests &#8212; passed</th></tr>
<tr class="passedodd"><td rowspan="2">techproed.tests.dataprovider.DataProviderTest4</td><td><a href="#m4"><b>musteriVerileriTest</b>  </a></td><td class="numi">3</td><td>1699987366157</td><td class="numi">17</td></tr><tr class="passedodd"><td><a href="#m5"><b>personelVerileriTest</b>  </a></td><td class="numi">5</td><td>1699987366176</td><td class="numi">11</td></tr>
<tr class="passedeven"><td>techproed.tests.dataprovider.DataProviderTest1</td><td><a href="#m6"><b>aramaTesti</b>  </a></td><td class="numi">6</td><td>1699987233691</td><td class="numi">18</td></tr>
<tr class="passedodd"><td rowspan="2">techproed.tests.dataprovider.DataProviderTest4</td><td><a href="#m7"><b>musteriHizmetleriVerileriTest</b>  </a></td><td class="numi">3</td><td>1699987366154</td><td class="numi">2</td></tr><tr class="passedodd"><td><a href="#m8"><b>musteriHizmetleriVerileriTest</b>  </a></td><td class="numi">3</td><td>1699987366154</td><td class="numi">2</td></tr>
<tr class="passedeven"><td>techproed.tests.dataprovider.DataProviderTest1</td><td><a href="#m9"><b>googleAramasi</b>  </a></td><td class="numi">6</td><td>1699987233711</td><td class="numi">57662</td></tr>
<tr class="passedodd"><td>techproed.tests.dataprovider.DataProviderTest2</td><td><a href="#m10"><b>dataProviderLoginTest</b>  </a></td><td class="numi">3</td><td>1699987311819</td><td class="numi">34938</td></tr>
<tr class="passedeven"><td>techproed.tests.dataprovider.DataProviderTest1</td><td><a href="#m11"><b>googleAramasi</b>  </a></td><td class="numi">6</td><td>1699987233711</td><td class="numi">57662</td></tr>
<tr class="passedodd"><td>techproed.tests.dataprovider.DataProviderTest4</td><td><a href="#m12"><b>personelVerileriTest</b>  </a></td><td class="numi">5</td><td>1699987366176</td><td class="numi">11</td></tr>
<tr class="passedeven"><td>techproed.tests.dataprovider.DataProviderTest1</td><td><a href="#m13"><b>googleAramasi</b>  </a></td><td class="numi">6</td><td>1699987233711</td><td class="numi">57662</td></tr>
<tr class="passedodd"><td>techproed.tests.dataprovider.DataProviderTest2</td><td><a href="#m14"><b>dataProviderLoginTest</b>  </a></td><td class="numi">3</td><td>1699987311819</td><td class="numi">34938</td></tr>
<tr class="passedeven"><td>techproed.tests.dataprovider.DataProviderTest1</td><td><a href="#m15"><b>googleAramasi</b>  </a></td><td class="numi">6</td><td>1699987233711</td><td class="numi">57662</td></tr>
<tr class="passedodd"><td>techproed.tests.dataprovider.DataProviderTest2</td><td><a href="#m16"><b>dataProviderTest</b>  </a></td><td class="numi">3</td><td>1699987346759</td><td class="numi">4</td></tr>
<tr class="passedeven"><td>techproed.tests.dataprovider.DataProviderTest4</td><td><a href="#m17"><b>personelVerileriTest</b>  </a></td><td class="numi">5</td><td>1699987366176</td><td class="numi">11</td></tr>
<tr class="passedodd"><td rowspan="2">techproed.tests.dataprovider.DataProviderTest1</td><td><a href="#m18"><b>googleAramasi</b>  </a></td><td class="numi">6</td><td>1699987233711</td><td class="numi">57662</td></tr><tr class="passedodd"><td><a href="#m19"><b>aramaTesti</b>  </a></td><td class="numi">6</td><td>1699987233691</td><td class="numi">18</td></tr>
<tr class="passedeven"><td>techproed.tests.smoketests.C02_NegativeLoginTest</td><td><a href="#m20"><b>test2</b>  </a></td><td class="numi">1</td><td>1699987352769</td><td class="numi">5901</td></tr>
<tr class="passedodd"><td>techproed.tests.dataprovider.DataProviderTest4</td><td><a href="#m21"><b>personelVerileriTest</b>  </a></td><td class="numi">5</td><td>1699987366176</td><td class="numi">11</td></tr>
<tr class="passedeven"><td>techproed.tests.smoketests.C02_NegativeLoginTest</td><td><a href="#m22"><b>US100208_Negative_Login</b>  </a></td><td class="numi">1</td><td>1699987346764</td><td class="numi">6004</td></tr>
<tr class="passedodd"><td>techproed.tests.smoketests.C03_NegativeLoginTest</td><td><a href="#m23"><b>test1</b>  </a></td><td class="numi">1</td><td>1699987359506</td><td class="numi">6598</td></tr>
<tr class="passedeven"><td>techproed.tests.dataprovider.DataProviderTest2</td><td><a href="#m24"><b>dataProviderLoginTest</b>  </a></td><td class="numi">3</td><td>1699987311819</td><td class="numi">34938</td></tr>
<tr class="passedodd"><td>techproed.tests.dataprovider.DataProviderTest1</td><td><a href="#m25"><b>aramaTesti</b>  </a></td><td class="numi">6</td><td>1699987233691</td><td class="numi">18</td></tr>
<tr class="passedeven"><td>techproed.tests.dataprovider.DataProviderTest4</td><td><a href="#m26"><b>musteriHizmetleriVerileriTest</b>  </a></td><td class="numi">3</td><td>1699987366154</td><td class="numi">2</td></tr>
<tr class="passedodd"><td>techproed.tests.dataprovider.DataProviderTest2</td><td><a href="#m27"><b>dataProviderTest</b>  </a></td><td class="numi">3</td><td>1699987346759</td><td class="numi">4</td></tr>
<tr class="passedeven"><td rowspan="2">techproed.tests.dataprovider.DataProviderTest4</td><td><a href="#m28"><b>musteriVerileriTest</b>  </a></td><td class="numi">3</td><td>1699987366157</td><td class="numi">17</td></tr><tr class="passedeven"><td><a href="#m29"><b>personelVerileriTest</b>  </a></td><td class="numi">5</td><td>1699987366176</td><td class="numi">11</td></tr>
<tr class="passedodd"><td>techproed.tests.dataprovider.DataProviderTest2</td><td><a href="#m30"><b>dataProviderTest</b>  </a></td><td class="numi">3</td><td>1699987346759</td><td class="numi">4</td></tr>
<tr class="passedeven"><td>techproed.tests.dataprovider.DataProviderTest4</td><td><a href="#m31"><b>musteriVerileriTest</b>  </a></td><td class="numi">3</td><td>1699987366157</td><td class="numi">17</td></tr>
<tr class="passedodd"><td rowspan="4">techproed.tests.dataprovider.DataProviderTest1</td><td><a href="#m32"><b>googleAramasi</b>  </a></td><td class="numi">6</td><td>1699987233711</td><td class="numi">57662</td></tr><tr class="passedodd"><td><a href="#m33"><b>aramaTesti</b>  </a></td><td class="numi">6</td><td>1699987233691</td><td class="numi">18</td></tr><tr class="passedodd"><td><a href="#m34"><b>aramaTesti</b>  </a></td><td class="numi">6</td><td>1699987233691</td><td class="numi">18</td></tr><tr class="passedodd"><td><a href="#m35"><b>aramaTesti</b>  </a></td><td class="numi">6</td><td>1699987233691</td><td class="numi">18</td></tr>
</table>
<h1>C:/Users/LENOVO/IdeaProjects/B103TestNGProject/src/test/java/techproed/tests/smoketests</h1>
<h2 id="m1">techproed.tests.dataprovider.DataProviderTest4:customerDataTest</h2>
<div>
<div class="stacktrace">java.lang.RuntimeException: java.lang.RuntimeException: java.lang.NullPointerException
	at org.testng.internal.invokers.MethodInvocationHelper.invokeMethodNoCheckedException(MethodInvocationHelper.java:57)
	at org.testng.internal.invokers.MethodInvocationHelper.invokeDataProvider(MethodInvocationHelper.java:157)
	at org.testng.internal.Parameters.handleParameters(Parameters.java:803)
	at org.testng.internal.Parameters.handleParameters(Parameters.java:728)
	at org.testng.internal.invokers.ParameterHandler.handleParameters(ParameterHandler.java:72)
	at org.testng.internal.invokers.ParameterHandler.createParameters(ParameterHandler.java:51)
	at org.testng.internal.invokers.TestInvoker$MethodInvocationAgent.invoke(TestInvoker.java:924)
	at org.testng.internal.invokers.TestInvoker.invokeTestMethods(TestInvoker.java:194)
	at org.testng.internal.invokers.TestMethodWorker.invokeTestMethods(TestMethodWorker.java:148)
	at org.testng.internal.invokers.TestMethodWorker.run(TestMethodWorker.java:128)
	at java.base/java.util.ArrayList.forEach(ArrayList.java:1541)
	at org.testng.TestRunner.privateRun(TestRunner.java:829)
	at org.testng.TestRunner.run(TestRunner.java:602)
	at org.testng.SuiteRunner.runTest(SuiteRunner.java:437)
	at org.testng.SuiteRunner.runSequentially(SuiteRunner.java:431)
	at org.testng.SuiteRunner.privateRun(SuiteRunner.java:391)
	at org.testng.SuiteRunner.run(SuiteRunner.java:330)
	at org.testng.SuiteRunnerWorker.runSuite(SuiteRunnerWorker.java:52)
	at org.testng.SuiteRunnerWorker.run(SuiteRunnerWorker.java:95)
	at org.testng.TestNG.runSuitesSequentially(TestNG.java:1256)
	at org.testng.TestNG.runSuitesLocally(TestNG.java:1176)
	at org.testng.TestNG.runSuites(TestNG.java:1099)
	at org.testng.TestNG.run(TestNG.java:1067)
	at com.intellij.rt.testng.IDEARemoteTestNG.run(IDEARemoteTestNG.java:66)
	at com.intellij.rt.testng.RemoteTestNGStarter.main(RemoteTestNGStarter.java:109)
Caused by: java.lang.RuntimeException: java.lang.NullPointerException
	at techproed.utilities.ExcelUtils.getCellData(ExcelUtils.java:77)
	at techproed.utilities.ExcelUtils.getDataArrayWithoutFirstRow(ExcelUtils.java:136)
	at techproed.utilities.DataProviderUtils.customerData(DataProviderUtils.java:49)
	at java.base/jdk.internal.reflect.NativeMethodAccessorImpl.invoke0(Native Method)
	at java.base/jdk.internal.reflect.NativeMethodAccessorImpl.invoke(NativeMethodAccessorImpl.java:62)
	at java.base/jdk.internal.reflect.DelegatingMethodAccessorImpl.invoke(DelegatingMethodAccessorImpl.java:43)
	at java.base/java.lang.reflect.Method.invoke(Method.java:566)
	at org.testng.internal.invokers.MethodInvocationHelper.invokeMethod(MethodInvocationHelper.java:139)
	at org.testng.internal.invokers.MethodInvocationHelper.invokeMethod(MethodInvocationHelper.java:84)
	at org.testng.internal.invokers.MethodInvocationHelper.invokeMethodNoCheckedException(MethodInvocationHelper.java:53)
	... 24 more
Caused by: java.lang.NullPointerException
	at techproed.utilities.ExcelUtils.getCellData(ExcelUtils.java:74)
	... 33 more
</div>
</div>
<p class="totop"><a href="#summary">back to summary</a></p>
<h2 id="m2">techproed.tests.smoketests.C01_PositiveLoginTest:US100201_Admin_Login</h2>
<div>
<h3>Test Messages</h3>
Sayfaya Git<br/>
Login Butonuna Tikla<br/>
Giris Bilgilerini gir<br/>
Giris Yapildigini Dogrula<br/>
<h3>Failure</h3>
<div class="stacktrace">org.openqa.selenium.NoSuchElementException: no such element: Unable to locate element: {&quot;method&quot;:&quot;css selector&quot;,&quot;selector&quot;:&quot;#dropdown\-basic\-button&quot;}
  (Session info: chrome=119.0.6045.124)
For documentation on this error, please visit: https://www.selenium.dev/documentation/webdriver/troubleshooting/errors#no-such-element-exception
Build info: version: &apos;4.13.0&apos;, revision: &apos;ba948ece5b*&apos;
System info: os.name: &apos;Windows 10&apos;, os.arch: &apos;amd64&apos;, os.version: &apos;10.0&apos;, java.version: &apos;11.0.11&apos;
Driver info: org.openqa.selenium.chrome.ChromeDriver
Command: [05676e7feab29caca0fe0d0b211d7658, findElement {using=id, value=dropdown-basic-button}]
Capabilities {acceptInsecureCerts: false, browserName: chrome, browserVersion: 119.0.6045.124, chrome: {chromedriverVersion: 119.0.6045.105 (38c72552c5e..., userDataDir: C:\Users\LENOVO\AppData\Loc...}, fedcm:accounts: true, goog:chromeOptions: {debuggerAddress: localhost:56154}, networkConnectionEnabled: false, pageLoadStrategy: normal, platformName: windows, proxy: Proxy(), se:cdp: ws://localhost:56154/devtoo..., se:cdpVersion: 119.0.6045.124, setWindowRect: true, strictFileInteractability: false, timeouts: {implicit: 0, pageLoad: 300000, script: 30000}, unhandledPromptBehavior: dismiss and notify, webauthn:extension:credBlob: true, webauthn:extension:largeBlob: true, webauthn:extension:minPinLength: true, webauthn:extension:prf: true, webauthn:virtualAuthenticators: true}
Session ID: 05676e7feab29caca0fe0d0b211d7658
	at java.base/jdk.internal.reflect.NativeConstructorAccessorImpl.newInstance0(Native Method)
	at java.base/jdk.internal.reflect.NativeConstructorAccessorImpl.newInstance(NativeConstructorAccessorImpl.java:62)
	at java.base/jdk.internal.reflect.DelegatingConstructorAccessorImpl.newInstance(DelegatingConstructorAccessorImpl.java:45)
	at java.base/java.lang.reflect.Constructor.newInstance(Constructor.java:490)
	at org.openqa.selenium.remote.codec.w3c.W3CHttpResponseCodec.createException(W3CHttpResponseCodec.java:200)
	at org.openqa.selenium.remote.codec.w3c.W3CHttpResponseCodec.decode(W3CHttpResponseCodec.java:133)
	at org.openqa.selenium.remote.codec.w3c.W3CHttpResponseCodec.decode(W3CHttpResponseCodec.java:52)
	at org.openqa.selenium.remote.HttpCommandExecutor.execute(HttpCommandExecutor.java:191)
	at org.openqa.selenium.remote.service.DriverCommandExecutor.invokeExecute(DriverCommandExecutor.java:196)
	at org.openqa.selenium.remote.service.DriverCommandExecutor.execute(DriverCommandExecutor.java:171)
	at org.openqa.selenium.remote.RemoteWebDriver.execute(RemoteWebDriver.java:602)
	at org.openqa.selenium.remote.ElementLocation$ElementFinder$2.findElement(ElementLocation.java:165)
	at org.openqa.selenium.remote.ElementLocation.findElement(ElementLocation.java:59)
	at org.openqa.selenium.remote.RemoteWebDriver.findElement(RemoteWebDriver.java:359)
	at org.openqa.selenium.remote.RemoteWebDriver.findElement(RemoteWebDriver.java:353)
	at org.openqa.selenium.support.pagefactory.DefaultElementLocator.findElement(DefaultElementLocator.java:68)
	at org.openqa.selenium.support.pagefactory.internal.LocatingElementHandler.invoke(LocatingElementHandler.java:38)
	at com.sun.proxy.$Proxy14.isDisplayed(Unknown Source)
	at techproed.tests.smoketests.C01_PositiveLoginTest.US100201_Admin_Login(C01_PositiveLoginTest.java:36)
	at java.base/jdk.internal.reflect.NativeMethodAccessorImpl.invoke0(Native Method)
	at java.base/jdk.internal.reflect.NativeMethodAccessorImpl.invoke(NativeMethodAccessorImpl.java:62)
	at java.base/jdk.internal.reflect.DelegatingMethodAccessorImpl.invoke(DelegatingMethodAccessorImpl.java:43)
	at java.base/java.lang.reflect.Method.invoke(Method.java:566)
	at org.testng.internal.invokers.MethodInvocationHelper.invokeMethod(MethodInvocationHelper.java:139)
	at org.testng.internal.invokers.TestInvoker.invokeMethod(TestInvoker.java:677)
	at org.testng.internal.invokers.TestInvoker.invokeTestMethod(TestInvoker.java:221)
	at org.testng.internal.invokers.MethodRunner.runInSequence(MethodRunner.java:50)
	at org.testng.internal.invokers.TestInvoker$MethodInvocationAgent.invoke(TestInvoker.java:969)
	at org.testng.internal.invokers.TestInvoker.invokeTestMethods(TestInvoker.java:194)
	at org.testng.internal.invokers.TestMethodWorker.invokeTestMethods(TestMethodWorker.java:148)
	at org.testng.internal.invokers.TestMethodWorker.run(TestMethodWorker.java:128)
	at java.base/java.util.ArrayList.forEach(ArrayList.java:1541)
	at org.testng.TestRunner.privateRun(TestRunner.java:829)
	at org.testng.TestRunner.run(TestRunner.java:602)
	at org.testng.SuiteRunner.runTest(SuiteRunner.java:437)
	at org.testng.SuiteRunner.runSequentially(SuiteRunner.java:431)
	at org.testng.SuiteRunner.privateRun(SuiteRunner.java:391)
	at org.testng.SuiteRunner.run(SuiteRunner.java:330)
	at org.testng.SuiteRunnerWorker.runSuite(SuiteRunnerWorker.java:52)
	at org.testng.SuiteRunnerWorker.run(SuiteRunnerWorker.java:95)
	at org.testng.TestNG.runSuitesSequentially(TestNG.java:1256)
	at org.testng.TestNG.runSuitesLocally(TestNG.java:1176)
	at org.testng.TestNG.runSuites(TestNG.java:1099)
	at org.testng.TestNG.run(TestNG.java:1067)
	at com.intellij.rt.testng.IDEARemoteTestNG.run(IDEARemoteTestNG.java:66)
	at com.intellij.rt.testng.RemoteTestNGStarter.main(RemoteTestNGStarter.java:109)
</div>
</div>
<p class="totop"><a href="#summary">back to summary</a></p>
<h2 id="m3">techproed.tests.dataprovider.DataProviderTest3:dataProviderLoginTest</h2>
<div>
<div class="stacktrace">java.lang.RuntimeException: java.lang.RuntimeException: java.lang.NullPointerException
	at org.testng.internal.invokers.MethodInvocationHelper.invokeMethodNoCheckedException(MethodInvocationHelper.java:57)
	at org.testng.internal.invokers.MethodInvocationHelper.invokeDataProvider(MethodInvocationHelper.java:157)
	at org.testng.internal.Parameters.handleParameters(Parameters.java:803)
	at org.testng.internal.Parameters.handleParameters(Parameters.java:728)
	at org.testng.internal.invokers.ParameterHandler.handleParameters(ParameterHandler.java:72)
	at org.testng.internal.invokers.ParameterHandler.createParameters(ParameterHandler.java:51)
	at org.testng.internal.invokers.TestInvoker$MethodInvocationAgent.invoke(TestInvoker.java:924)
	at org.testng.internal.invokers.TestInvoker.invokeTestMethods(TestInvoker.java:194)
	at org.testng.internal.invokers.TestMethodWorker.invokeTestMethods(TestMethodWorker.java:148)
	at org.testng.internal.invokers.TestMethodWorker.run(TestMethodWorker.java:128)
	at java.base/java.util.ArrayList.forEach(ArrayList.java:1541)
	at org.testng.TestRunner.privateRun(TestRunner.java:829)
	at org.testng.TestRunner.run(TestRunner.java:602)
	at org.testng.SuiteRunner.runTest(SuiteRunner.java:437)
	at org.testng.SuiteRunner.runSequentially(SuiteRunner.java:431)
	at org.testng.SuiteRunner.privateRun(SuiteRunner.java:391)
	at org.testng.SuiteRunner.run(SuiteRunner.java:330)
	at org.testng.SuiteRunnerWorker.runSuite(SuiteRunnerWorker.java:52)
	at org.testng.SuiteRunnerWorker.run(SuiteRunnerWorker.java:95)
	at org.testng.TestNG.runSuitesSequentially(TestNG.java:1256)
	at org.testng.TestNG.runSuitesLocally(TestNG.java:1176)
	at org.testng.TestNG.runSuites(TestNG.java:1099)
	at org.testng.TestNG.run(TestNG.java:1067)
	at com.intellij.rt.testng.IDEARemoteTestNG.run(IDEARemoteTestNG.java:66)
	at com.intellij.rt.testng.RemoteTestNGStarter.main(RemoteTestNGStarter.java:109)
Caused by: java.lang.RuntimeException: java.lang.NullPointerException
	at techproed.utilities.ExcelUtils.getCellData(ExcelUtils.java:77)
	at techproed.utilities.ExcelUtils.getDataArrayWithoutFirstRow(ExcelUtils.java:136)
	at techproed.tests.dataprovider.DataProviderTest3.customerData(DataProviderTest3.java:25)
	at java.base/jdk.internal.reflect.NativeMethodAccessorImpl.invoke0(Native Method)
	at java.base/jdk.internal.reflect.NativeMethodAccessorImpl.invoke(NativeMethodAccessorImpl.java:62)
	at java.base/jdk.internal.reflect.DelegatingMethodAccessorImpl.invoke(DelegatingMethodAccessorImpl.java:43)
	at java.base/java.lang.reflect.Method.invoke(Method.java:566)
	at org.testng.internal.invokers.MethodInvocationHelper.invokeMethod(MethodInvocationHelper.java:139)
	at org.testng.internal.invokers.MethodInvocationHelper.invokeMethod(MethodInvocationHelper.java:84)
	at org.testng.internal.invokers.MethodInvocationHelper.invokeMethodNoCheckedException(MethodInvocationHelper.java:53)
	... 24 more
Caused by: java.lang.NullPointerException
	at techproed.utilities.ExcelUtils.getCellData(ExcelUtils.java:74)
	... 33 more
</div>
</div>
<p class="totop"><a href="#summary">back to summary</a></p>
<h2 id="m4">techproed.tests.dataprovider.DataProviderTest4:musteriVerileriTest</h2>
<table cellspacing="0" cellpadding="0" class="result">
<tr class="param"><th>Parameter #1</th><th>Parameter #2</th><th>Parameter #3</th></tr>
<tr class="param stripe"><td>menejer1</td>
<td>12345</td>
<td>besiktas</td>
</tr>
</table>
<p class="totop"><a href="#summary">back to summary</a></p>
<h2 id="m5">techproed.tests.dataprovider.DataProviderTest4:personelVerileriTest</h2>
<table cellspacing="0" cellpadding="0" class="result">
<tr class="param"><th>Parameter #1</th><th>Parameter #2</th></tr>
<tr class="param stripe"><td>mehmet2</td>
<td>123r</td>
</tr>
</table>
<p class="totop"><a href="#summary">back to summary</a></p>
<h2 id="m6">techproed.tests.dataprovider.DataProviderTest1:aramaTesti</h2>
<table cellspacing="0" cellpadding="0" class="result">
<tr class="param"><th>Parameter #1</th></tr>
<tr class="param stripe"><td>volvo</td>
</tr>
</table>
<p class="totop"><a href="#summary">back to summary</a></p>
<h2 id="m7">techproed.tests.dataprovider.DataProviderTest4:musteriHizmetleriVerileriTest</h2>
<table cellspacing="0" cellpadding="0" class="result">
<tr class="param"><th>Parameter #1</th><th>Parameter #2</th></tr>
<tr class="param stripe"><td>adam1</td>
<td>3456</td>
</tr>
</table>
<p class="totop"><a href="#summary">back to summary</a></p>
<h2 id="m8">techproed.tests.dataprovider.DataProviderTest4:musteriHizmetleriVerileriTest</h2>
<table cellspacing="0" cellpadding="0" class="result">
<tr class="param"><th>Parameter #1</th><th>Parameter #2</th></tr>
<tr class="param stripe"><td>ali2</td>
<td>1234</td>
</tr>
</table>
<p class="totop"><a href="#summary">back to summary</a></p>
<h2 id="m9">techproed.tests.dataprovider.DataProviderTest1:googleAramasi</h2>
<table cellspacing="0" cellpadding="0" class="result">
<tr class="param"><th>Parameter #1</th></tr>
<tr class="param stripe"><td>toyota</td>
</tr>
</table>
<p class="totop"><a href="#summary">back to summary</a></p>
<h2 id="m10">techproed.tests.dataprovider.DataProviderTest2:dataProviderLoginTest</h2>
<table cellspacing="0" cellpadding="0" class="result">
<tr class="param"><th>Parameter #1</th><th>Parameter #2</th></tr>
<tr class="param stripe"><td>pam.raymond@bluerentalcars.com</td>
<td>Nga^g6!</td>
</tr>
</table>
<p class="totop"><a href="#summary">back to summary</a></p>
<h2 id="m11">techproed.tests.dataprovider.DataProviderTest1:googleAramasi</h2>
<table cellspacing="0" cellpadding="0" class="result">
<tr class="param"><th>Parameter #1</th></tr>
<tr class="param stripe"><td>volvo</td>
</tr>
</table>
<p class="totop"><a href="#summary">back to summary</a></p>
<h2 id="m12">techproed.tests.dataprovider.DataProviderTest4:personelVerileriTest</h2>
<table cellspacing="0" cellpadding="0" class="result">
<tr class="param"><th>Parameter #1</th><th>Parameter #2</th></tr>
<tr class="param stripe"><td>rukiye1</td>
<td>abc1</td>
</tr>
</table>
<p class="totop"><a href="#summary">back to summary</a></p>
<h2 id="m13">techproed.tests.dataprovider.DataProviderTest1:googleAramasi</h2>
<table cellspacing="0" cellpadding="0" class="result">
<tr class="param"><th>Parameter #1</th></tr>
<tr class="param stripe"><td>mercedes</td>
</tr>
</table>
<p class="totop"><a href="#summary">back to summary</a></p>
<h2 id="m14">techproed.tests.dataprovider.DataProviderTest2:dataProviderLoginTest</h2>
<table cellspacing="0" cellpadding="0" class="result">
<tr class="param"><th>Parameter #1</th><th>Parameter #2</th></tr>
<tr class="param stripe"><td>raj.khan@bluerentalcars.com</td>
<td>v7Hg_va^</td>
</tr>
</table>
<p class="totop"><a href="#summary">back to summary</a></p>
<h2 id="m15">techproed.tests.dataprovider.DataProviderTest1:googleAramasi</h2>
<table cellspacing="0" cellpadding="0" class="result">
<tr class="param"><th>Parameter #1</th></tr>
<tr class="param stripe"><td>tesla</td>
</tr>
</table>
<p class="totop"><a href="#summary">back to summary</a></p>
<h2 id="m16">techproed.tests.dataprovider.DataProviderTest2:dataProviderTest</h2>
<table cellspacing="0" cellpadding="0" class="result">
<tr class="param"><th>Parameter #1</th><th>Parameter #2</th></tr>
<tr class="param stripe"><td>raj.khan@bluerentalcars.com</td>
<td>v7Hg_va^</td>
</tr>
</table>
<p class="totop"><a href="#summary">back to summary</a></p>
<h2 id="m17">techproed.tests.dataprovider.DataProviderTest4:personelVerileriTest</h2>
<table cellspacing="0" cellpadding="0" class="result">
<tr class="param"><th>Parameter #1</th><th>Parameter #2</th></tr>
<tr class="param stripe"><td>emin3</td>
<td>3edc</td>
</tr>
</table>
<p class="totop"><a href="#summary">back to summary</a></p>
<h2 id="m18">techproed.tests.dataprovider.DataProviderTest1:googleAramasi</h2>
<table cellspacing="0" cellpadding="0" class="result">
<tr class="param"><th>Parameter #1</th></tr>
<tr class="param stripe"><td>honda</td>
</tr>
</table>
<p class="totop"><a href="#summary">back to summary</a></p>
<h2 id="m19">techproed.tests.dataprovider.DataProviderTest1:aramaTesti</h2>
<table cellspacing="0" cellpadding="0" class="result">
<tr class="param"><th>Parameter #1</th></tr>
<tr class="param stripe"><td>toyota</td>
</tr>
</table>
<p class="totop"><a href="#summary">back to summary</a></p>
<h2 id="m20">techproed.tests.smoketests.C02_NegativeLoginTest:test2</h2>
<p class="totop"><a href="#summary">back to summary</a></p>
<h2 id="m21">techproed.tests.dataprovider.DataProviderTest4:personelVerileriTest</h2>
<table cellspacing="0" cellpadding="0" class="result">
<tr class="param"><th>Parameter #1</th><th>Parameter #2</th></tr>
<tr class="param stripe"><td>baran3</td>
<td>4asd</td>
</tr>
</table>
<p class="totop"><a href="#summary">back to summary</a></p>
<h2 id="m22">techproed.tests.smoketests.C02_NegativeLoginTest:US100208_Negative_Login</h2>
<p class="totop"><a href="#summary">back to summary</a></p>
<h2 id="m23">techproed.tests.smoketests.C03_NegativeLoginTest:test1</h2>
<p class="totop"><a href="#summary">back to summary</a></p>
<h2 id="m24">techproed.tests.dataprovider.DataProviderTest2:dataProviderLoginTest</h2>
<table cellspacing="0" cellpadding="0" class="result">
<tr class="param"><th>Parameter #1</th><th>Parameter #2</th></tr>
<tr class="param stripe"><td>sam.walker@bluerentalcars.com</td>
<td>c!fas_art</td>
</tr>
</table>
<p class="totop"><a href="#summary">back to summary</a></p>
<h2 id="m25">techproed.tests.dataprovider.DataProviderTest1:aramaTesti</h2>
<table cellspacing="0" cellpadding="0" class="result">
<tr class="param"><th>Parameter #1</th></tr>
<tr class="param stripe"><td>bmw</td>
</tr>
</table>
<p class="totop"><a href="#summary">back to summary</a></p>
<h2 id="m26">techproed.tests.dataprovider.DataProviderTest4:musteriHizmetleriVerileriTest</h2>
<table cellspacing="0" cellpadding="0" class="result">
<tr class="param"><th>Parameter #1</th><th>Parameter #2</th></tr>
<tr class="param stripe"><td>nancy3</td>
<td>7890</td>
</tr>
</table>
<p class="totop"><a href="#summary">back to summary</a></p>
<h2 id="m27">techproed.tests.dataprovider.DataProviderTest2:dataProviderTest</h2>
<table cellspacing="0" cellpadding="0" class="result">
<tr class="param"><th>Parameter #1</th><th>Parameter #2</th></tr>
<tr class="param stripe"><td>pam.raymond@bluerentalcars.com</td>
<td>Nga^g6!</td>
</tr>
</table>
<p class="totop"><a href="#summary">back to summary</a></p>
<h2 id="m28">techproed.tests.dataprovider.DataProviderTest4:musteriVerileriTest</h2>
<table cellspacing="0" cellpadding="0" class="result">
<tr class="param"><th>Parameter #1</th><th>Parameter #2</th><th>Parameter #3</th></tr>
<tr class="param stripe"><td>mejejer3</td>
<td>5678</td>
<td>karsiyaka</td>
</tr>
</table>
<p class="totop"><a href="#summary">back to summary</a></p>
<h2 id="m29">techproed.tests.dataprovider.DataProviderTest4:personelVerileriTest</h2>
<table cellspacing="0" cellpadding="0" class="result">
<tr class="param"><th>Parameter #1</th><th>Parameter #2</th></tr>
<tr class="param stripe"><td>okumus3</td>
<td>6e45</td>
</tr>
</table>
<p class="totop"><a href="#summary">back to summary</a></p>
<h2 id="m30">techproed.tests.dataprovider.DataProviderTest2:dataProviderTest</h2>
<table cellspacing="0" cellpadding="0" class="result">
<tr class="param"><th>Parameter #1</th><th>Parameter #2</th></tr>
<tr class="param stripe"><td>sam.walker@bluerentalcars.com</td>
<td>c!fas_art</td>
</tr>
</table>
<p class="totop"><a href="#summary">back to summary</a></p>
<h2 id="m31">techproed.tests.dataprovider.DataProviderTest4:musteriVerileriTest</h2>
<table cellspacing="0" cellpadding="0" class="result">
<tr class="param"><th>Parameter #1</th><th>Parameter #2</th><th>Parameter #3</th></tr>
<tr class="param stripe"><td>menejer2</td>
<td>98765</td>
<td>cebeci</td>
</tr>
</table>
<p class="totop"><a href="#summary">back to summary</a></p>
<h2 id="m32">techproed.tests.dataprovider.DataProviderTest1:googleAramasi</h2>
<table cellspacing="0" cellpadding="0" class="result">
<tr class="param"><th>Parameter #1</th></tr>
<tr class="param stripe"><td>bmw</td>
</tr>
</table>
<p class="totop"><a href="#summary">back to summary</a></p>
<h2 id="m33">techproed.tests.dataprovider.DataProviderTest1:aramaTesti</h2>
<table cellspacing="0" cellpadding="0" class="result">
<tr class="param"><th>Parameter #1</th></tr>
<tr class="param stripe"><td>mercedes</td>
</tr>
</table>
<p class="totop"><a href="#summary">back to summary</a></p>
<h2 id="m34">techproed.tests.dataprovider.DataProviderTest1:aramaTesti</h2>
<table cellspacing="0" cellpadding="0" class="result">
<tr class="param"><th>Parameter #1</th></tr>
<tr class="param stripe"><td>tesla</td>
</tr>
</table>
<p class="totop"><a href="#summary">back to summary</a></p>
<h2 id="m35">techproed.tests.dataprovider.DataProviderTest1:aramaTesti</h2>
<table cellspacing="0" cellpadding="0" class="result">
<tr class="param"><th>Parameter #1</th></tr>
<tr class="param stripe"><td>honda</td>
</tr>
</table>
<p class="totop"><a href="#summary">back to summary</a></p>
</body></html>
